0 info it worked if it ends with ok
1 verbose cli [ '/Users/daniel/.nvm/versions/node/v7.2.1/bin/node',
1 verbose cli   '/Users/daniel/.nvm/versions/node/v7.2.1/bin/npm',
1 verbose cli   'run',
1 verbose cli   'import' ]
2 info using npm@3.10.10
3 info using node@v7.2.1
4 verbose run-script [ 'preimport', 'import', 'postimport' ]
5 info lifecycle file-icons@0.0.1~preimport: file-icons@0.0.1
6 silly lifecycle file-icons@0.0.1~preimport: no script for preimport, continuing
7 info lifecycle file-icons@0.0.1~import: file-icons@0.0.1
8 verbose lifecycle file-icons@0.0.1~import: unsafe-perm in lifecycle true
9 verbose lifecycle file-icons@0.0.1~import: PATH: /Users/daniel/.nvm/versions/node/v7.2.1/lib/node_modules/npm/bin/node-gyp-bin:/Users/daniel/Projects/Github/DanBrooker/file-icons-vscode/node_modules/.bin:/usr/local/heroku/bin:/Users/daniel/.rvm/gems/ruby-2.0.0-p247/bin:/Users/daniel/.rvm/gems/ruby-2.0.0-p247@global/bin:/Users/daniel/.rvm/rubies/ruby-2.0.0-p247/bin:/Users/daniel/.rvm/bin:/Users/daniel/.nvm/versions/node/v7.2.1/bin:/usr/local/bin:/Users/daniel/android-sdk-macosx/tools:/Users/daniel/.node/bin:/usr/bin:/bin:/usr/sbin:/sbin:/usr/local/bin:/usr/X11/bin:/Users/daniel/.rvm/bin:/usr/local/ImageMagick/bin:/Users/daniel/.dotfiles/bin:/Users/daniel/android-ndk-r8d:/Users/daniel/Library/Android/sdk/platform-tools:/Users/daniel/Library/Android/sdk/build-tools/21.1.2
10 verbose lifecycle file-icons@0.0.1~import: CWD: /Users/daniel/Projects/Github/DanBrooker/file-icons-vscode
11 silly lifecycle file-icons@0.0.1~import: Args: [ '-c', 'node ./scripts/import.js' ]
12 silly lifecycle file-icons@0.0.1~import: Returned: code: 1  signal: null
13 info lifecycle file-icons@0.0.1~import: Failed to exec import script
14 verbose stack Error: file-icons@0.0.1 import: `node ./scripts/import.js`
14 verbose stack Exit status 1
14 verbose stack     at EventEmitter.<anonymous> (/Users/daniel/.nvm/versions/node/v7.2.1/lib/node_modules/npm/lib/utils/lifecycle.js:255:16)
14 verbose stack     at emitTwo (events.js:106:13)
14 verbose stack     at EventEmitter.emit (events.js:191:7)
14 verbose stack     at ChildProcess.<anonymous> (/Users/daniel/.nvm/versions/node/v7.2.1/lib/node_modules/npm/lib/utils/spawn.js:40:14)
14 verbose stack     at emitTwo (events.js:106:13)
14 verbose stack     at ChildProcess.emit (events.js:191:7)
14 verbose stack     at maybeClose (internal/child_process.js:885:16)
14 verbose stack     at Process.ChildProcess._handle.onexit (internal/child_process.js:226:5)
15 verbose pkgid file-icons@0.0.1
16 verbose cwd /Users/daniel/Projects/Github/DanBrooker/file-icons-vscode
17 error Darwin 16.3.0
18 error argv "/Users/daniel/.nvm/versions/node/v7.2.1/bin/node" "/Users/daniel/.nvm/versions/node/v7.2.1/bin/npm" "run" "import"
19 error node v7.2.1
20 error npm  v3.10.10
21 error code ELIFECYCLE
22 error file-icons@0.0.1 import: `node ./scripts/import.js`
22 error Exit status 1
23 error Failed at the file-icons@0.0.1 import script 'node ./scripts/import.js'.
23 error Make sure you have the latest version of node.js and npm installed.
23 error If you do, this is most likely a problem with the file-icons package,
23 error not with npm itself.
23 error Tell the author that this fails on your system:
23 error     node ./scripts/import.js
23 error You can get information on how to open an issue for this project with:
23 error     npm bugs file-icons
23 error Or if that isn't available, you can get their info via:
23 error     npm owner ls file-icons
23 error There is likely additional logging output above.
24 verbose exit [ 1, true ]
